{
    "FunctionName": "hello-cli",
    "FunctionArn": "arn:aws:lambda:us-east-1:571124378675:function:hello-cli",
    "Runtime": "nodejs12.x",
    "Role": "arn:aws:iam::571124378675:role/lambda-exemplo",
    "Handler": "index.handler",
    "CodeSize": 327,
    "Description": "",
    "Timeout": 3,
    "MemorySize": 128,
    "LastModified": "2022-09-23T16:08:26.945+0000",
    "CodeSha256": "hcK2UEFzNzNpoKSL0WvK4Wiz4GM2XhKiIX0ShSBhL8k=",
    "Version": "$LATEST",
    "TracingConfig": {
        "Mode": "PassThrough"
    },
    "RevisionId": "eb159552-dc25-4636-aff3-6c245e3d1a2b",
    "State": "Pending",
    "StateReason": "The function is being created.",
    "StateReasonCode": "Creating",
    "PackageType": "Zip",
    "Architectures": [
        "x86_64"
    ],
    "EphemeralStorage": {
        "Size": 512
    }
}
