{
    "FunctionName": "hello-cli",
    "FunctionArn": "arn:aws:lambda:us-east-1:571124378675:function:hello-cli:1",
    "Runtime": "nodejs12.x",
    "Role": "arn:aws:iam::571124378675:role/lambda-exemplo",
    "Handler": "index.handler",
    "CodeSize": 330,
    "Description": "",
    "Timeout": 3,
    "MemorySize": 128,
    "LastModified": "2022-09-23T16:13:36.000+0000",
    "CodeSha256": "UMH3I+D+hUOPiAZHtOZ7APNcbkSYjp8XRxpj72G23M8=",
    "Version": "1",
    "TracingConfig": {
        "Mode": "PassThrough"
    },
    "RevisionId": "e5e3d346-a470-4885-88e1-7094623c4f1e",
    "State": "Active",
    "LastUpdateStatus": "Successful",
    "PackageType": "Zip",
    "Architectures": [
        "x86_64"
    ],
    "EphemeralStorage": {
        "Size": 512
    }
}
