{
    "Role": {
        "Path": "/",
        "RoleName": "lambda-exemplo",
        "RoleId": "AROAYJ6NKNQZQJJLAOPOX",
        "Arn": "arn:aws:iam::571124378675:role/lambda-exemplo",
        "CreateDate": "2022-09-23T15:46:38+00:00",
        "AssumeRolePolicyDocument": {
            "Version": "2012-10-17",
            "Statement": [
                {
                    "Effect": "Allow",
                    "Principal": {
                        "Service": "lambda.amazonaws.com"
                    },
                    "Action": "sts:AssumeRole"
                }
            ]
        }
    }
}