{
    "Role": {
        "Path": "/",
        "RoleName": "lambda-example",
        "RoleId": "AROAZ36KN4TW4FGGB7OXA",
        "Arn": "arn:aws:iam::678492497133:role/lambda-example",
        "CreateDate": "2022-09-25T03:59:18+00:00",
        "AssumeRolePolicyDocument": {
            "Version": "2012-10-17",
            "Statement": [
                {
                    "Effect": "Allow",
                    "Principal": {
                        "Service": "lambda.amazonaws.com"
                    },
                    "Action": "sts:AssumeRole"
                }
            ]
        }
    }
}
